C51 COMPILER V9.60.0.0   IOPROGRAMC                                                        10/08/2020 04:21:12 PAGE 1   


C51 COMPILER V9.60.0.0, COMPILATION OF MODULE IOPROGRAMC
OBJECT MODULE PLACED IN .\Objects\IOProgramC.obj
COMPILER INVOKED BY: C:\Keil_v5\C51\BIN\C51.EXE ..\LAB2\IOProgramC.c ROM(SMALL) OPTIMIZE(1,SPEED) BROWSE DEBUG OBJECTEXT
                    -END CODE PRINT(.\Listings\IOProgramC.lst) TABS(2) OBJECT(.\Objects\IOProgramC.obj)

line level    source

   1          #include <reg51.h>
   2          int y;
   3          
   4          main() {
   5   1        while(1) {
   6   2          y = (((P1 & 0xf0) >> 4) * 10 + (P1 & 0xf) << 8 );
   7   2          y = (y % 100 > 50)? y / 100 + 1 : y / 100;
   8   2          P2 = y;
   9   2          y *= 10;
  10   2          P3 = ((y & 0xf00) >> 4);
  11   2          P3 += (((y & 0xff) * 10) & 0xf00) >> 8;
  12   2        }
  13   1      }
C51 COMPILER V9.60.0.0   IOPROGRAMC                                                        10/08/2020 04:21:12 PAGE 2   

ASSEMBLY LISTING OF GENERATED OBJECT CODE


             ; FUNCTION main (BEGIN)
                                           ; SOURCE LINE # 4
0000         ?C0001:
                                           ; SOURCE LINE # 5
                                           ; SOURCE LINE # 6
0000 E590              MOV     A,P1
0002 54F0              ANL     A,#0F0H
0004 FF                MOV     R7,A
0005 EF                MOV     A,R7
0006 C4                SWAP    A
0007 540F              ANL     A,#0FH
0009 FF                MOV     R7,A
000A 7E0A              MOV     R6,#0AH
000C EF                MOV     A,R7
000D 8EF0              MOV     B,R6
000F A4                MUL     AB
0010 FF                MOV     R7,A
0011 AEF0              MOV     R6,B
0013 E590              MOV     A,P1
0015 540F              ANL     A,#0FH
0017 FD                MOV     R5,A
0018 7C00              MOV     R4,#00H
001A EF                MOV     A,R7
001B 2D                ADD     A,R5
001C FF                MOV     R7,A
001D EE                MOV     A,R6
001E 3C                ADDC    A,R4
001F FE                MOV     R6,A
0020 EF                MOV     A,R7
0021 750000      R     MOV     y+01H,#00H
0024 F500        R     MOV     y,A
                                           ; SOURCE LINE # 7
0026 AE00        R     MOV     R6,y
0028 AF00        R     MOV     R7,y+01H
002A 7C00              MOV     R4,#00H
002C 7D64              MOV     R5,#064H
002E 1100        E     ACALL   ?C?SIDIV
0030 D3                SETB    C
0031 ED                MOV     A,R5
0032 9432              SUBB    A,#032H
0034 EC                MOV     A,R4
0035 6480              XRL     A,#080H
0037 9480              SUBB    A,#080H
0039 4014              JC      ?C0003
003B AE00        R     MOV     R6,y
003D AF00        R     MOV     R7,y+01H
003F 7C00              MOV     R4,#00H
0041 7D64              MOV     R5,#064H
0043 1100        E     ACALL   ?C?SIDIV
0045 EF                MOV     A,R7
0046 2401              ADD     A,#01H
0048 FF                MOV     R7,A
0049 EE                MOV     A,R6
004A 3400              ADDC    A,#00H
004C FE                MOV     R6,A
004D 800A              SJMP    ?C0004
004F         ?C0003:
004F AE00        R     MOV     R6,y
0051 AF00        R     MOV     R7,y+01H
C51 COMPILER V9.60.0.0   IOPROGRAMC                                                        10/08/2020 04:21:12 PAGE 3   

0053 7C00              MOV     R4,#00H
0055 7D64              MOV     R5,#064H
0057 1100        E     ACALL   ?C?SIDIV
0059         ?C0004:
0059 8E00        R     MOV     y,R6
005B 8F00        R     MOV     y+01H,R7
                                           ; SOURCE LINE # 8
005D 8500A0      R     MOV     P2,y+01H
                                           ; SOURCE LINE # 9
0060 AE00        R     MOV     R6,y
0062 AF00        R     MOV     R7,y+01H
0064 7C00              MOV     R4,#00H
0066 7D0A              MOV     R5,#0AH
0068 1100        E     ACALL   ?C?IMUL
006A 8E00        R     MOV     y,R6
006C 8F00        R     MOV     y+01H,R7
                                           ; SOURCE LINE # 10
006E E500        R     MOV     A,y
0070 540F              ANL     A,#0FH
0072 FE                MOV     R6,A
0073 7F00              MOV     R7,#00H
0075 EF                MOV     A,R7
0076 7804              MOV     R0,#04H
0078         ?C0006:
0078 CE                XCH     A,R6
0079 A2E7              MOV     C,ACC.7
007B 13                RRC     A
007C CE                XCH     A,R6
007D 13                RRC     A
007E D8F8              DJNZ    R0,?C0006
0080 FF                MOV     R7,A
0081 8FB0              MOV     P3,R7
                                           ; SOURCE LINE # 11
0083 7E00              MOV     R6,#00H
0085 AF00        R     MOV     R7,y+01H
0087 7C00              MOV     R4,#00H
0089 7D0A              MOV     R5,#0AH
008B 1100        E     ACALL   ?C?IMUL
008D EE                MOV     A,R6
008E 540F              ANL     A,#0FH
0090 FE                MOV     R6,A
0091 7F00              MOV     R7,#00H
0093 EE                MOV     A,R6
0094 FF                MOV     R7,A
0095 33                RLC     A
0096 95E0              SUBB    A,ACC
0098 FE                MOV     R6,A
0099 EF                MOV     A,R7
009A 25B0              ADD     A,P3
009C F5B0              MOV     P3,A
                                           ; SOURCE LINE # 12
009E 0100        R     AJMP    ?C0001
00A0 22                RET     
             ; FUNCTION main (END)



MODULE INFORMATION:   STATIC OVERLAYABLE
   CODE SIZE        =    161    ----
   CONSTANT SIZE    =   ----    ----
   XDATA SIZE       =   ----    ----
   PDATA SIZE       =   ----    ----
C51 COMPILER V9.60.0.0   IOPROGRAMC                                                        10/08/2020 04:21:12 PAGE 4   

   DATA SIZE        =      2    ----
   IDATA SIZE       =   ----    ----
   BIT SIZE         =   ----    ----
END OF MODULE INFORMATION.


C51 COMPILATION COMPLETE.  0 WARNING(S),  0 ERROR(S)
